<?xml version="1.0" encoding="utf-8"?><testsuites name="pytest tests"><testsuite name="pytest" errors="0" failures="0" skipped="1" tests="13" time="4.176" timestamp="2026-02-02T14:42:36.931562+00:00" hostname="agent-env-00c90baa-7ed1-4aff-be8b-b4cc36d460c8"><testcase classname="tests.test_company_logo.TestCompanyLogoFeature" name="test_employer_login_success" time="0.420" /><testcase classname="tests.test_company_logo.TestCompanyLogoFeature" name="test_auth_me_returns_company_logo" time="0.351" /><testcase classname="tests.test_company_logo.TestCompanyLogoFeature" name="test_upload_logo_endpoint_exists" time="0.054" /><testcase classname="tests.test_company_logo.TestCompanyLogoFeature" name="test_upload_logo_requires_employer_role" time="0.401" /><testcase classname="tests.test_company_logo.TestCompanyLogoFeature" name="test_upload_logo_validates_file_type" time="0.393" /><testcase classname="tests.test_company_logo.TestCompanyLogoFeature" name="test_delete_logo_endpoint" time="0.345" /><testcase classname="tests.test_company_logo.TestCompanyLogoFeature" name="test_remote_jobs_list_includes_company_logo" time="0.059" /><testcase classname="tests.test_company_logo.TestCompanyLogoFeature" name="test_job_details_includes_company_logo" time="0.076" /><testcase classname="tests.test_company_logo.TestCompanyLogoFeature" name="test_employer_my_jobs_includes_company_logo" time="0.340" /><testcase classname="tests.test_company_logo.TestCompanyLogoFeature" name="test_logo_file_accessible" time="0.336"><skipped type="pytest.skip" message="No logo uploaded to test file access">/app/backend/tests/test_company_logo.py:228: No logo uploaded to test file access</skipped></testcase><testcase classname="tests.test_company_logo.TestCompanyLogoFeature" name="test_upload_logo_updates_user_and_jobs" time="0.388" /><testcase classname="tests.test_company_logo.TestCompanyLogoEdgeCases" name="test_upload_large_file_rejected" time="0.444" /><testcase classname="tests.test_company_logo.TestCompanyLogoEdgeCases" name="test_supported_image_formats" time="0.381" /></testsuite></testsuites>