<?xml version="1.0" encoding="utf-8"?><testsuites name="pytest tests"><testsuite name="pytest" errors="0" failures="3" skipped="0" tests="10" time="6.039" timestamp="2026-02-02T20:17:22.738120+00:00" hostname="agent-env-64856baf-7da0-49a9-988c-d402a173c418"><testcase classname="backend.tests.test_contract_pdf.TestContractPDF" name="test_employer_login_success" time="0.877" /><testcase classname="backend.tests.test_contract_pdf.TestContractPDF" name="test_contract_exists" time="0.433" /><testcase classname="backend.tests.test_contract_pdf.TestContractPDF" name="test_pdf_endpoint_returns_pdf" time="1.314" /><testcase classname="backend.tests.test_contract_pdf.TestContractPDF" name="test_pdf_download_without_auth_fails" time="0.074" /><testcase classname="backend.tests.test_contract_pdf.TestContractPDF" name="test_pdf_for_nonexistent_contract_returns_404" time="0.436" /><testcase classname="backend.tests.test_contract_pdf.TestContractPDF" name="test_contract_has_company_info" time="0.535" /><testcase classname="backend.tests.test_contract_pdf.TestContractPDF" name="test_employer_has_company_logo" time="0.421"><failure message="AssertionError: Profile fetch failed: {&quot;detail&quot;:&quot;Not Found&quot;}&#10;assert 404 == 200&#10; +  where 404 = &lt;Response [404]&gt;.status_code">backend/tests/test_contract_pdf.py:155: in test_employer_has_company_logo
    assert response.status_code == 200, f"Profile fetch failed: {response.text}"
E   AssertionError: Profile fetch failed: {"detail":"Not Found"}
E   assert 404 == 200
E    +  where 404 = &lt;Response [404]&gt;.status_code</failure></testcase><testcase classname="backend.tests.test_contract_pdf.TestContractPDF" name="test_pdf_content_structure" time="0.497"><failure message="AssertionError: PDF missing title&#10;assert ('SERVICE AGREEMENT' in '%PDF-1.4\n%\x93\x8c\x8b\x9e ReportLab Generated PDF document (opensource)\n1 0 obj\n&lt;&lt;\n/F1 2 0 R /F2 4 0 R\n&gt;&gt;\nendobj\n2 0 obj\n&lt;&lt;\n/BaseFont /Helvetica /Encoding /WinAnsiEncoding /Name /F1 /Subtype /Type1 /Type /Font\n&gt;&gt;\nendobj\n3 0 obj\n&lt;&lt;\n/BitsPerComponent 8 /ColorSpace /DeviceRGB /Filter [ /ASCII85Decode /FlateDecode ] /Height 200 /Length 179 /Subtype /Image \n  /Type /XObject /Width 200\n&gt;&gt;\nstream\nGb&quot;0&lt;!=]#/%)\\b72uP7o!sj%KWiE)!WiE)!WiE)!WiE)!WiE)!WiE)!WiE)!WiE)!WiE)!WiE)!WiE)!WiE)!WiE)!WiE)!WiE)!WiE)!WiE)!WiE)!WiE)!WiE)!WiE)!WiE)!WiE)!WiE)!WiE)!WiE)!WiE)!WiE)!WiE)15K66qec~&gt;endstream\nendobj\n4 0 obj\n&lt;&lt;\n/BaseFont /Helvetica-Bold /Encoding /WinAnsiEncoding /Name /F2 /Subtype /Type1 /Type /Font\n&gt;&gt;\nendobj\n5 0 obj\n&lt;&lt;\n/Contents 10 0 R /MediaBox [ 0 0 595.2756 841.8898 ] /Parent 9 0 R /Resources &lt;&lt;\n/Font 1 0 R /ProcSet [ /PDF /Text /ImageB /ImageC /ImageI ] /XObject &lt;&lt;\n/FormXob.7681ab3cd80fac3f70d4b2158b28b36e 3 0 R\n&gt;&gt;\n&gt;&gt; /Rotate 0 /Trans &lt;&lt;\n\n&gt;&gt; \n  /Type /Page\n&gt;&gt;\nendobj\n6 0 obj\n&lt;&lt;\n/Contents 11 0 R /MediaBox [ 0 0 595.2756 841.8898 ] /Parent 9 0 R /Resources &lt;&lt;\n/Font 1 0 R /ProcSet [ /PDF /Text /ImageB /ImageC /ImageI ]\n&gt;&gt; /Rotate 0 /Trans &lt;&lt;\n\n&gt;&gt; \n  /...,c\'l]Ib-T(!Co+/gh(/\'+W!U*]uga;ZWr&lt;4BWqNR$fp^^49@T5JiW0nqC4t%f];PkL`2TEUu\\kj-M4Q;?(F9r9NPJek\'DX&lt;M$(4XHNq^4&gt;V4tMUp,e?A2Nj(N&amp;uD-#.&gt;\'jf5sX9Ts.P0@FA7/!Ik&lt;RN_MO_\'P!SoW9iP#0Ek3OK,k/\\[(L&gt;@Sa^VmT3M&lt;YQ.[F[u=7(X$4GKjQ?15n?+VQ:&lt;T@]O!6j*i_6e%j)+J&amp;faCLHi3#9MDVP+dJ5SF\'.T%+cUpFR4?%QIDDa/*TEn)/rs53nfbMjXe&gt;:e&lt;&amp;Q[,qmCTDDZfc86SJT.d]IkLQYJIZ3J5+,C\\_rXge(++AsP&quot;IQdFWO?X0M.K\\9V*1?R8_BZSEbT&lt;Ugj4RUQ\'Y_/t[5`^eGl`\'&quot;m_\'K0MP\\O\'u[?mn2d*\'!]!aLE_,\\&lt;\\E0&gt;pWhsE?O)\'N%Q2Hah&quot;BA^R!g`:Q`eG1lP.0H]i2\\2\';i46GWSfB*hdb)5QsZV-/5#c1gHA7qQjLZM+s@MBsJ&quot;e*#C:fM91k!#gri&gt;Rp!2N=TOaoPWK&lt;+8NFK&amp;4hM:0&quot;R8e*&gt;F\'\\0\'L%%IE\'Nsdggc3TQa2UO9c]F=mh]Z&quot;%BM85U/5Ze(49nRc+N+G[_Vm&amp;_hEPRjY2ON?J5,tf@]:ENW;k/D&gt;[5+lO6REBbmhl/t&gt;(\\9fUMq%lPT[V&gt;~&gt;endstream\nendobj\nxref\n0 12\n0000000000 65535 f \n0000000061 00000 n \n0000000102 00000 n \n0000000209 00000 n \n0000000578 00000 n \n0000000690 00000 n \n0000000957 00000 n \n0000001161 00000 n \n0000001229 00000 n \n0000001509 00000 n \n0000001574 00000 n \n0000003263 00000 n \ntrailer\n&lt;&lt;\n/ID \n[&lt;a91c3ba6f29f4bb13df4a1d314798215&gt;&lt;a91c3ba6f29f4bb13df4a1d314798215&gt;]\n% ReportLab generated PDF document -- digest (opensource)\n\n/Info 8 0 R\n/Root 7 0 R\n/Size 12\n&gt;&gt;\nstartxref\n4874\n%%EOF\n' or 'Contract' in '%PDF-1.4\n%\x93\x8c\x8b\x9e ReportLab Generated PDF document (opensource)\n1 0 obj\n&lt;&lt;\n/F1 2 0 R /F2 4 0 R\n&gt;&gt;\nendobj\n2 0 obj\n&lt;&lt;\n/BaseFont /Helvetica /Encoding /WinAnsiEncoding /Name /F1 /Subtype /Type1 /Type /Font\n&gt;&gt;\nendobj\n3 0 obj\n&lt;&lt;\n/BitsPerComponent 8 /ColorSpace /DeviceRGB /Filter [ /ASCII85Decode /FlateDecode ] /Height 200 /Length 179 /Subtype /Image \n  /Type /XObject /Width 200\n&gt;&gt;\nstream\nGb&quot;0&lt;!=]#/%)\\b72uP7o!sj%KWiE)!WiE)!WiE)!WiE)!WiE)!WiE)!WiE)!WiE)!WiE)!WiE)!WiE)!WiE)!WiE)!WiE)!WiE)!WiE)!WiE)!WiE)!WiE)!WiE)!WiE)!WiE)!WiE)!WiE)!WiE)!WiE)!WiE)!WiE)!WiE)15K66qec~&gt;endstream\nendobj\n4 0 obj\n&lt;&lt;\n/BaseFont /Helvetica-Bold /Encoding /WinAnsiEncoding /Name /F2 /Subtype /Type1 /Type /Font\n&gt;&gt;\nendobj\n5 0 obj\n&lt;&lt;\n/Contents 10 0 R /MediaBox [ 0 0 595.2756 841.8898 ] /Parent 9 0 R /Resources &lt;&lt;\n/Font 1 0 R /ProcSet [ /PDF /Text /ImageB /ImageC /ImageI ] /XObject &lt;&lt;\n/FormXob.7681ab3cd80fac3f70d4b2158b28b36e 3 0 R\n&gt;&gt;\n&gt;&gt; /Rotate 0 /Trans &lt;&lt;\n\n&gt;&gt; \n  /Type /Page\n&gt;&gt;\nendobj\n6 0 obj\n&lt;&lt;\n/Contents 11 0 R /MediaBox [ 0 0 595.2756 841.8898 ] /Parent 9 0 R /Resources &lt;&lt;\n/Font 1 0 R /ProcSet [ /PDF /Text /ImageB /ImageC /ImageI ]\n&gt;&gt; /Rotate 0 /Trans &lt;&lt;\n\n&gt;&gt; \n  /...,c\'l]Ib-T(!Co+/gh(/\'+W!U*]uga;ZWr&lt;4BWqNR$fp^^49@T5JiW0nqC4t%f];PkL`2TEUu\\kj-M4Q;?(F9r9NPJek\'DX&lt;M$(4XHNq^4&gt;V4tMUp,e?A2Nj(N&amp;uD-#.&gt;\'jf5sX9Ts.P0@FA7/!Ik&lt;RN_MO_\'P!SoW9iP#0Ek3OK,k/\\[(L&gt;@Sa^VmT3M&lt;YQ.[F[u=7(X$4GKjQ?15n?+VQ:&lt;T@]O!6j*i_6e%j)+J&amp;faCLHi3#9MDVP+dJ5SF\'.T%+cUpFR4?%QIDDa/*TEn)/rs53nfbMjXe&gt;:e&lt;&amp;Q[,qmCTDDZfc86SJT.d]IkLQYJIZ3J5+,C\\_rXge(++AsP&quot;IQdFWO?X0M.K\\9V*1?R8_BZSEbT&lt;Ugj4RUQ\'Y_/t[5`^eGl`\'&quot;m_\'K0MP\\O\'u[?mn2d*\'!]!aLE_,\\&lt;\\E0&gt;pWhsE?O)\'N%Q2Hah&quot;BA^R!g`:Q`eG1lP.0H]i2\\2\';i46GWSfB*hdb)5QsZV-/5#c1gHA7qQjLZM+s@MBsJ&quot;e*#C:fM91k!#gri&gt;Rp!2N=TOaoPWK&lt;+8NFK&amp;4hM:0&quot;R8e*&gt;F\'\\0\'L%%IE\'Nsdggc3TQa2UO9c]F=mh]Z&quot;%BM85U/5Ze(49nRc+N+G[_Vm&amp;_hEPRjY2ON?J5,tf@]:ENW;k/D&gt;[5+lO6REBbmhl/t&gt;(\\9fUMq%lPT[V&gt;~&gt;endstream\nendobj\nxref\n0 12\n0000000000 65535 f \n0000000061 00000 n \n0000000102 00000 n \n0000000209 00000 n \n0000000578 00000 n \n0000000690 00000 n \n0000000957 00000 n \n0000001161 00000 n \n0000001229 00000 n \n0000001509 00000 n \n0000001574 00000 n \n0000003263 00000 n \ntrailer\n&lt;&lt;\n/ID \n[&lt;a91c3ba6f29f4bb13df4a1d314798215&gt;&lt;a91c3ba6f29f4bb13df4a1d314798215&gt;]\n% ReportLab generated PDF document -- digest (opensource)\n\n/Info 8 0 R\n/Root 7 0 R\n/Size 12\n&gt;&gt;\nstartxref\n4874\n%%EOF\n')">backend/tests/test_contract_pdf.py:205: in test_pdf_content_structure
    assert "SERVICE AGREEMENT" in pdf_content or "Contract" in pdf_content, "PDF missing title"
E   AssertionError: PDF missing title
E   assert ('SERVICE AGREEMENT' in '%PDF-1.4\n%\x93\x8c\x8b\x9e ReportLab Generated PDF document (opensource)\n1 0 obj\n&lt;&lt;\n/F1 2 0 R /F2 4 0 R\n&gt;&gt;\nendobj\n2 0 obj\n&lt;&lt;\n/BaseFont /Helvetica /Encoding /WinAnsiEncoding /Name /F1 /Subtype /Type1 /Type /Font\n&gt;&gt;\nendobj\n3 0 obj\n&lt;&lt;\n/BitsPerComponent 8 /ColorSpace /DeviceRGB /Filter [ /ASCII85Decode /FlateDecode ] /Height 200 /Length 179 /Subtype /Image \n  /Type /XObject /Width 200\n&gt;&gt;\nstream\nGb"0&lt;!=]#/%)\\b72uP7o!sj%KWiE)!WiE)!WiE)!WiE)!WiE)!WiE)!WiE)!WiE)!WiE)!WiE)!WiE)!WiE)!WiE)!WiE)!WiE)!WiE)!WiE)!WiE)!WiE)!WiE)!WiE)!WiE)!WiE)!WiE)!WiE)!WiE)!WiE)!WiE)!WiE)15K66qec~&gt;endstream\nendobj\n4 0 obj\n&lt;&lt;\n/BaseFont /Helvetica-Bold /Encoding /WinAnsiEncoding /Name /F2 /Subtype /Type1 /Type /Font\n&gt;&gt;\nendobj\n5 0 obj\n&lt;&lt;\n/Contents 10 0 R /MediaBox [ 0 0 595.2756 841.8898 ] /Parent 9 0 R /Resources &lt;&lt;\n/Font 1 0 R /ProcSet [ /PDF /Text /ImageB /ImageC /ImageI ] /XObject &lt;&lt;\n/FormXob.7681ab3cd80fac3f70d4b2158b28b36e 3 0 R\n&gt;&gt;\n&gt;&gt; /Rotate 0 /Trans &lt;&lt;\n\n&gt;&gt; \n  /Type /Page\n&gt;&gt;\nendobj\n6 0 obj\n&lt;&lt;\n/Contents 11 0 R /MediaBox [ 0 0 595.2756 841.8898 ] /Parent 9 0 R /Resources &lt;&lt;\n/Font 1 0 R /ProcSet [ /PDF /Text /ImageB /ImageC /ImageI ]\n&gt;&gt; /Rotate 0 /Trans &lt;&lt;\n\n&gt;&gt; \n  /...,c\'l]Ib-T(!Co+/gh(/\'+W!U*]uga;ZWr&lt;4BWqNR$fp^^49@T5JiW0nqC4t%f];PkL`2TEUu\\kj-M4Q;?(F9r9NPJek\'DX&lt;M$(4XHNq^4&gt;V4tMUp,e?A2Nj(N&amp;uD-#.&gt;\'jf5sX9Ts.P0@FA7/!Ik&lt;RN_MO_\'P!SoW9iP#0Ek3OK,k/\\[(L&gt;@Sa^VmT3M&lt;YQ.[F[u=7(X$4GKjQ?15n?+VQ:&lt;T@]O!6j*i_6e%j)+J&amp;faCLHi3#9MDVP+dJ5SF\'.T%+cUpFR4?%QIDDa/*TEn)/rs53nfbMjXe&gt;:e&lt;&amp;Q[,qmCTDDZfc86SJT.d]IkLQYJIZ3J5+,C\\_rXge(++AsP"IQdFWO?X0M.K\\9V*1?R8_BZSEbT&lt;Ugj4RUQ\'Y_/t[5`^eGl`\'"m_\'K0MP\\O\'u[?mn2d*\'!]!aLE_,\\&lt;\\E0&gt;pWhsE?O)\'N%Q2Hah"BA^R!g`:Q`eG1lP.0H]i2\\2\';i46GWSfB*hdb)5QsZV-/5#c1gHA7qQjLZM+s@MBsJ"e*#C:fM91k!#gri&gt;Rp!2N=TOaoPWK&lt;+8NFK&amp;4hM:0"R8e*&gt;F\'\\0\'L%%IE\'Nsdggc3TQa2UO9c]F=mh]Z"%BM85U/5Ze(49nRc+N+G[_Vm&amp;_hEPRjY2ON?J5,tf@]:ENW;k/D&gt;[5+lO6REBbmhl/t&gt;(\\9fUMq%lPT[V&gt;~&gt;endstream\nendobj\nxref\n0 12\n0000000000 65535 f \n0000000061 00000 n \n0000000102 00000 n \n0000000209 00000 n \n0000000578 00000 n \n0000000690 00000 n \n0000000957 00000 n \n0000001161 00000 n \n0000001229 00000 n \n0000001509 00000 n \n0000001574 00000 n \n0000003263 00000 n \ntrailer\n&lt;&lt;\n/ID \n[&lt;a91c3ba6f29f4bb13df4a1d314798215&gt;&lt;a91c3ba6f29f4bb13df4a1d314798215&gt;]\n% ReportLab generated PDF document -- digest (opensource)\n\n/Info 8 0 R\n/Root 7 0 R\n/Size 12\n&gt;&gt;\nstartxref\n4874\n%%EOF\n' or 'Contract' in '%PDF-1.4\n%\x93\x8c\x8b\x9e ReportLab Generated PDF document (opensource)\n1 0 obj\n&lt;&lt;\n/F1 2 0 R /F2 4 0 R\n&gt;&gt;\nendobj\n2 0 obj\n&lt;&lt;\n/BaseFont /Helvetica /Encoding /WinAnsiEncoding /Name /F1 /Subtype /Type1 /Type /Font\n&gt;&gt;\nendobj\n3 0 obj\n&lt;&lt;\n/BitsPerComponent 8 /ColorSpace /DeviceRGB /Filter [ /ASCII85Decode /FlateDecode ] /Height 200 /Length 179 /Subtype /Image \n  /Type /XObject /Width 200\n&gt;&gt;\nstream\nGb"0&lt;!=]#/%)\\b72uP7o!sj%KWiE)!WiE)!WiE)!WiE)!WiE)!WiE)!WiE)!WiE)!WiE)!WiE)!WiE)!WiE)!WiE)!WiE)!WiE)!WiE)!WiE)!WiE)!WiE)!WiE)!WiE)!WiE)!WiE)!WiE)!WiE)!WiE)!WiE)!WiE)!WiE)15K66qec~&gt;endstream\nendobj\n4 0 obj\n&lt;&lt;\n/BaseFont /Helvetica-Bold /Encoding /WinAnsiEncoding /Name /F2 /Subtype /Type1 /Type /Font\n&gt;&gt;\nendobj\n5 0 obj\n&lt;&lt;\n/Contents 10 0 R /MediaBox [ 0 0 595.2756 841.8898 ] /Parent 9 0 R /Resources &lt;&lt;\n/Font 1 0 R /ProcSet [ /PDF /Text /ImageB /ImageC /ImageI ] /XObject &lt;&lt;\n/FormXob.7681ab3cd80fac3f70d4b2158b28b36e 3 0 R\n&gt;&gt;\n&gt;&gt; /Rotate 0 /Trans &lt;&lt;\n\n&gt;&gt; \n  /Type /Page\n&gt;&gt;\nendobj\n6 0 obj\n&lt;&lt;\n/Contents 11 0 R /MediaBox [ 0 0 595.2756 841.8898 ] /Parent 9 0 R /Resources &lt;&lt;\n/Font 1 0 R /ProcSet [ /PDF /Text /ImageB /ImageC /ImageI ]\n&gt;&gt; /Rotate 0 /Trans &lt;&lt;\n\n&gt;&gt; \n  /...,c\'l]Ib-T(!Co+/gh(/\'+W!U*]uga;ZWr&lt;4BWqNR$fp^^49@T5JiW0nqC4t%f];PkL`2TEUu\\kj-M4Q;?(F9r9NPJek\'DX&lt;M$(4XHNq^4&gt;V4tMUp,e?A2Nj(N&amp;uD-#.&gt;\'jf5sX9Ts.P0@FA7/!Ik&lt;RN_MO_\'P!SoW9iP#0Ek3OK,k/\\[(L&gt;@Sa^VmT3M&lt;YQ.[F[u=7(X$4GKjQ?15n?+VQ:&lt;T@]O!6j*i_6e%j)+J&amp;faCLHi3#9MDVP+dJ5SF\'.T%+cUpFR4?%QIDDa/*TEn)/rs53nfbMjXe&gt;:e&lt;&amp;Q[,qmCTDDZfc86SJT.d]IkLQYJIZ3J5+,C\\_rXge(++AsP"IQdFWO?X0M.K\\9V*1?R8_BZSEbT&lt;Ugj4RUQ\'Y_/t[5`^eGl`\'"m_\'K0MP\\O\'u[?mn2d*\'!]!aLE_,\\&lt;\\E0&gt;pWhsE?O)\'N%Q2Hah"BA^R!g`:Q`eG1lP.0H]i2\\2\';i46GWSfB*hdb)5QsZV-/5#c1gHA7qQjLZM+s@MBsJ"e*#C:fM91k!#gri&gt;Rp!2N=TOaoPWK&lt;+8NFK&amp;4hM:0"R8e*&gt;F\'\\0\'L%%IE\'Nsdggc3TQa2UO9c]F=mh]Z"%BM85U/5Ze(49nRc+N+G[_Vm&amp;_hEPRjY2ON?J5,tf@]:ENW;k/D&gt;[5+lO6REBbmhl/t&gt;(\\9fUMq%lPT[V&gt;~&gt;endstream\nendobj\nxref\n0 12\n0000000000 65535 f \n0000000061 00000 n \n0000000102 00000 n \n0000000209 00000 n \n0000000578 00000 n \n0000000690 00000 n \n0000000957 00000 n \n0000001161 00000 n \n0000001229 00000 n \n0000001509 00000 n \n0000001574 00000 n \n0000003263 00000 n \ntrailer\n&lt;&lt;\n/ID \n[&lt;a91c3ba6f29f4bb13df4a1d314798215&gt;&lt;a91c3ba6f29f4bb13df4a1d314798215&gt;]\n% ReportLab generated PDF document -- digest (opensource)\n\n/Info 8 0 R\n/Root 7 0 R\n/Size 12\n&gt;&gt;\nstartxref\n4874\n%%EOF\n')</failure></testcase><testcase classname="backend.tests.test_contract_pdf.TestContractPDF" name="test_pdf_for_different_contract_statuses" time="0.594" /><testcase classname="backend.tests.test_contract_pdf.TestCompanyLogoForPDF" name="test_logo_endpoint_exists" time="0.488"><failure message="assert 404 == 200&#10; +  where 404 = &lt;Response [404]&gt;.status_code">backend/tests/test_contract_pdf.py:267: in test_logo_endpoint_exists
    assert response.status_code == 200
E   assert 404 == 200
E    +  where 404 = &lt;Response [404]&gt;.status_code</failure></testcase></testsuite></testsuites>