<?xml version="1.0" encoding="utf-8"?><testsuites name="pytest tests"><testsuite name="pytest" errors="0" failures="0" skipped="0" tests="10" time="5.550" timestamp="2026-02-02T20:20:48.947905+00:00" hostname="agent-env-64856baf-7da0-49a9-988c-d402a173c418"><testcase classname="backend.tests.test_contract_pdf.TestContractPDF" name="test_employer_login_success" time="0.918" /><testcase classname="backend.tests.test_contract_pdf.TestContractPDF" name="test_contract_exists" time="0.430" /><testcase classname="backend.tests.test_contract_pdf.TestContractPDF" name="test_pdf_endpoint_returns_pdf" time="1.119" /><testcase classname="backend.tests.test_contract_pdf.TestContractPDF" name="test_pdf_download_without_auth_fails" time="0.075" /><testcase classname="backend.tests.test_contract_pdf.TestContractPDF" name="test_pdf_for_nonexistent_contract_returns_404" time="0.449" /><testcase classname="backend.tests.test_contract_pdf.TestContractPDF" name="test_contract_has_company_info" time="0.435" /><testcase classname="backend.tests.test_contract_pdf.TestContractPDF" name="test_employer_has_company_logo" time="0.421" /><testcase classname="backend.tests.test_contract_pdf.TestContractPDF" name="test_pdf_content_structure" time="0.575" /><testcase classname="backend.tests.test_contract_pdf.TestContractPDF" name="test_pdf_for_different_contract_statuses" time="0.520" /><testcase classname="backend.tests.test_contract_pdf.TestCompanyLogoForPDF" name="test_logo_endpoint_exists" time="0.438" /></testsuite></testsuites>