<?xml version="1.0" encoding="utf-8"?><testsuites name="pytest tests"><testsuite name="pytest" errors="0" failures="0" skipped="0" tests="22" time="5.608" timestamp="2026-01-30T15:54:09.049986+00:00" hostname="agent-env-3b584a3e-2d7f-44eb-a9b2-32497cfa8a3d"><testcase classname="tests.test_email_and_auth.TestAdminLogin" name="test_admin_login_success" time="2.403" /><testcase classname="tests.test_email_and_auth.TestAdminLogin" name="test_admin_login_wrong_password" time="0.421" /><testcase classname="tests.test_email_and_auth.TestAdminLogin" name="test_admin_login_nonexistent_user" time="0.075" /><testcase classname="tests.test_email_and_auth.TestAdminLogin" name="test_admin_can_access_protected_endpoint" time="0.487" /><testcase classname="tests.test_email_and_auth.TestYocoSubscription" name="test_get_recruiter_plans" time="0.077" /><testcase classname="tests.test_email_and_auth.TestYocoSubscription" name="test_subscribe_to_plan_returns_checkout_url" time="1.056" /><testcase classname="tests.test_email_and_auth.TestYocoSubscription" name="test_get_recruiter_subscription_status" time="0.510" /><testcase classname="tests.test_email_and_auth.TestEmailServiceMethods" name="test_email_service_has_proposal_accepted_method" time="0.012" /><testcase classname="tests.test_email_and_auth.TestEmailServiceMethods" name="test_email_service_has_contract_created_method" time="0.001" /><testcase classname="tests.test_email_and_auth.TestEmailServiceMethods" name="test_email_service_has_contract_signed_method" time="0.001" /><testcase classname="tests.test_email_and_auth.TestEmailServiceMethods" name="test_email_service_has_milestone_funded_method" time="0.001" /><testcase classname="tests.test_email_and_auth.TestEmailServiceMethods" name="test_email_service_has_payment_released_method" time="0.001" /><testcase classname="tests.test_email_and_auth.TestEmailServiceMethods" name="test_email_service_all_methods_present" time="0.001" /><testcase classname="tests.test_email_and_auth.TestRouteImports" name="test_contracts_routes_imports_email_service" time="0.001" /><testcase classname="tests.test_email_and_auth.TestRouteImports" name="test_proposals_routes_imports_email_service" time="0.001" /><testcase classname="tests.test_email_and_auth.TestRouteImports" name="test_payments_routes_imports_email_service" time="0.001" /><testcase classname="tests.test_email_and_auth.TestRouteImports" name="test_contracts_routes_uses_email_methods" time="0.001" /><testcase classname="tests.test_email_and_auth.TestRouteImports" name="test_proposals_routes_uses_email_methods" time="0.001" /><testcase classname="tests.test_email_and_auth.TestRouteImports" name="test_payments_routes_uses_email_methods" time="0.001" /><testcase classname="tests.test_email_and_auth.TestAPIEndpointsHealth" name="test_auth_login_endpoint_exists" time="0.104" /><testcase classname="tests.test_email_and_auth.TestAPIEndpointsHealth" name="test_talent_pool_plans_endpoint_exists" time="0.073" /><testcase classname="tests.test_email_and_auth.TestAPIEndpointsHealth" name="test_pricing_endpoint_exists" time="0.089" /></testsuite></testsuites>