<?xml version="1.0" encoding="utf-8"?><testsuites name="pytest tests"><testsuite name="pytest" errors="0" failures="0" skipped="1" tests="11" time="5.929" timestamp="2026-02-02T19:38:49.709327+00:00" hostname="agent-env-64856baf-7da0-49a9-988c-d402a173c418"><testcase classname="backend.tests.test_employer_signature.TestEmployerSignatureFeature" name="test_employer_login_returns_employer_role" time="0.527" /><testcase classname="backend.tests.test_employer_signature.TestEmployerSignatureFeature" name="test_get_my_signature_endpoint_exists" time="0.502" /><testcase classname="backend.tests.test_employer_signature.TestEmployerSignatureFeature" name="test_save_drawn_signature" time="0.449" /><testcase classname="backend.tests.test_employer_signature.TestEmployerSignatureFeature" name="test_signature_persistence_after_save" time="0.456" /><testcase classname="backend.tests.test_employer_signature.TestEmployerSignatureFeature" name="test_signature_image_accessible" time="0.526" /><testcase classname="backend.tests.test_employer_signature.TestEmployerSignatureFeature" name="test_delete_signature" time="0.516" /><testcase classname="backend.tests.test_employer_signature.TestEmployerSignatureFeature" name="test_save_drawn_signature_without_data_fails" time="0.638" /><testcase classname="backend.tests.test_employer_signature.TestEmployerSignatureFeature" name="test_upload_signature_file" time="0.735" /><testcase classname="backend.tests.test_employer_signature.TestEmployerSignatureFeature" name="test_upload_signature_invalid_file_type" time="0.493" /><testcase classname="backend.tests.test_employer_signature.TestEmployerSignatureAccessControl" name="test_non_employer_cannot_save_signature" time="0.578"><skipped type="pytest.skip" message="No test job seeker account available">/app/backend/tests/test_employer_signature.py:229: No test job seeker account available</skipped></testcase><testcase classname="backend.tests.test_employer_signature.TestEmployerSignatureAccessControl" name="test_unauthenticated_cannot_access_signature_endpoints" time="0.289" /></testsuite></testsuites>