<?xml version="1.0" encoding="utf-8"?><testsuites name="pytest tests"><testsuite name="pytest" errors="0" failures="0" skipped="0" tests="25" time="11.121" timestamp="2026-02-02T21:09:24.289760+00:00" hostname="agent-env-64856baf-7da0-49a9-988c-d402a173c418"><testcase classname="backend.tests.test_escrow_dashboard.TestAuthentication" name="test_employer_login" time="0.507" /><testcase classname="backend.tests.test_escrow_dashboard.TestAuthentication" name="test_jobseeker_login" time="0.420" /><testcase classname="backend.tests.test_escrow_dashboard.TestEscrowDashboard" name="test_escrow_dashboard_employer" time="0.475" /><testcase classname="backend.tests.test_escrow_dashboard.TestEscrowDashboard" name="test_escrow_dashboard_contractor" time="0.444" /><testcase classname="backend.tests.test_escrow_dashboard.TestEscrowDashboard" name="test_escrow_dashboard_unauthorized" time="0.084" /><testcase classname="backend.tests.test_escrow_dashboard.TestContractEscrowDetails" name="test_contract_escrow_details_employer" time="0.429" /><testcase classname="backend.tests.test_escrow_dashboard.TestContractEscrowDetails" name="test_contract_escrow_details_contractor" time="0.474" /><testcase classname="backend.tests.test_escrow_dashboard.TestContractEscrowDetails" name="test_contract_escrow_details_not_found" time="0.433" /><testcase classname="backend.tests.test_escrow_dashboard.TestContractEscrowDetails" name="test_contract_escrow_details_unauthorized" time="0.102" /><testcase classname="backend.tests.test_escrow_dashboard.TestEscrowStatement" name="test_escrow_statement_employer" time="0.455" /><testcase classname="backend.tests.test_escrow_dashboard.TestEscrowStatement" name="test_escrow_statement_contractor" time="0.425" /><testcase classname="backend.tests.test_escrow_dashboard.TestEscrowStatement" name="test_escrow_statement_not_found" time="0.498" /><testcase classname="backend.tests.test_escrow_dashboard.TestDisputeCreation" name="test_dispute_creation_requires_contractor" time="0.487" /><testcase classname="backend.tests.test_escrow_dashboard.TestDisputeCreation" name="test_dispute_creation_validation" time="0.469" /><testcase classname="backend.tests.test_escrow_dashboard.TestDisputeList" name="test_get_disputes_employer" time="0.427" /><testcase classname="backend.tests.test_escrow_dashboard.TestDisputeList" name="test_get_disputes_contractor" time="0.440" /><testcase classname="backend.tests.test_escrow_dashboard.TestDisputeList" name="test_get_disputes_with_status_filter" time="0.424" /><testcase classname="backend.tests.test_escrow_dashboard.TestDisputeResolution" name="test_dispute_resolution_not_found" time="0.432" /><testcase classname="backend.tests.test_escrow_dashboard.TestDisputeResolution" name="test_dispute_resolution_contractor_forbidden" time="0.430" /><testcase classname="backend.tests.test_escrow_dashboard.TestRefund" name="test_refund_requires_employer" time="0.483" /><testcase classname="backend.tests.test_escrow_dashboard.TestRefund" name="test_refund_not_found" time="0.473" /><testcase classname="backend.tests.test_escrow_dashboard.TestAutoReleaseSettings" name="test_auto_release_settings_employer" time="0.465" /><testcase classname="backend.tests.test_escrow_dashboard.TestAutoReleaseSettings" name="test_auto_release_settings_contractor" time="0.472" /><testcase classname="backend.tests.test_escrow_dashboard.TestAutoReleaseSettings" name="test_auto_release_settings_not_found" time="0.466" /><testcase classname="backend.tests.test_escrow_dashboard.TestAutoReleaseSettings" name="test_auto_release_settings_validation" time="0.466" /></testsuite></testsuites>