<?xml version="1.0" encoding="utf-8"?><testsuites name="pytest tests"><testsuite name="pytest" errors="0" failures="0" skipped="0" tests="15" time="3.785" timestamp="2026-01-30T15:40:58.933425+00:00" hostname="agent-env-3b584a3e-2d7f-44eb-a9b2-32497cfa8a3d"><testcase classname="backend.tests.test_payment_settings.TestPaymentConfig" name="test_get_payment_config_requires_auth" time="0.347" /><testcase classname="backend.tests.test_payment_settings.TestPaymentConfig" name="test_get_payment_config_success" time="0.711" /><testcase classname="backend.tests.test_payment_settings.TestAdminPaymentSettings" name="test_get_settings_requires_admin" time="0.085" /><testcase classname="backend.tests.test_payment_settings.TestAdminPaymentSettings" name="test_get_settings_success" time="0.535" /><testcase classname="backend.tests.test_payment_settings.TestAdminPaymentSettings" name="test_update_settings_requires_admin" time="0.091" /><testcase classname="backend.tests.test_payment_settings.TestAdminPaymentSettings" name="test_update_settings_success" time="0.314" /><testcase classname="backend.tests.test_payment_settings.TestFundContract" name="test_fund_contract_requires_auth" time="0.082" /><testcase classname="backend.tests.test_payment_settings.TestFundContract" name="test_fund_contract_stripe_success" time="0.757" /><testcase classname="backend.tests.test_payment_settings.TestFundContract" name="test_fund_contract_yoco_currency_validation" time="0.077" /><testcase classname="backend.tests.test_payment_settings.TestFundContract" name="test_fund_contract_invalid_provider" time="0.087" /><testcase classname="backend.tests.test_payment_settings.TestFundContract" name="test_fund_contract_not_found" time="0.109" /><testcase classname="backend.tests.test_payment_settings.TestPaymentTransactions" name="test_get_transactions_requires_auth" time="0.105" /><testcase classname="backend.tests.test_payment_settings.TestPaymentTransactions" name="test_get_transactions_success" time="0.099" /><testcase classname="backend.tests.test_payment_settings.TestPaymentTestConnection" name="test_stripe_connection" time="0.081" /><testcase classname="backend.tests.test_payment_settings.TestPaymentTestConnection" name="test_yoco_connection" time="0.079" /></testsuite></testsuites>