<?xml version="1.0" encoding="utf-8"?><testsuites name="pytest tests"><testsuite name="pytest" errors="0" failures="0" skipped="0" tests="9" time="6.582" timestamp="2026-01-28T20:19:07.744669+00:00" hostname="agent-env-64dc6a88-6a67-4fe0-93e0-59c4a54c5ec0"><testcase classname="backend.tests.test_profile_picture_cv.TestProfilePictureEndpoints" name="test_upload_profile_picture_requires_auth" time="0.610" /><testcase classname="backend.tests.test_profile_picture_cv.TestProfilePictureEndpoints" name="test_upload_profile_picture_success" time="0.631" /><testcase classname="backend.tests.test_profile_picture_cv.TestProfilePictureEndpoints" name="test_upload_profile_picture_invalid_type" time="1.160" /><testcase classname="backend.tests.test_profile_picture_cv.TestProfilePictureEndpoints" name="test_upload_profile_picture_jpeg" time="0.543" /><testcase classname="backend.tests.test_profile_picture_cv.TestProfilePictureEndpoints" name="test_get_profile_picture_not_found" time="0.586" /><testcase classname="backend.tests.test_profile_picture_cv.TestRecruiterBrowseWithProfilePicture" name="test_browse_candidates_includes_profile_picture_url" time="0.632" /><testcase classname="backend.tests.test_profile_picture_cv.TestRecruiterBrowseWithProfilePicture" name="test_browse_candidates_cv_url_field" time="0.559" /><testcase classname="backend.tests.test_profile_picture_cv.TestCandidateProfileWithPicture" name="test_my_profile_includes_profile_picture_url" time="0.891" /><testcase classname="backend.tests.test_profile_picture_cv.TestProfilePictureUpdateOnUpload" name="test_upload_updates_profile" time="0.758" /></testsuite></testsuites>