<?xml version="1.0" encoding="utf-8"?><testsuites name="pytest tests"><testsuite name="pytest" errors="0" failures="12" skipped="0" tests="16" time="4.447" timestamp="2026-01-30T14:35:48.821082+00:00" hostname="agent-env-b8b98b5a-3de4-4f47-bcb3-b8920bf34ca0"><testcase classname="backend.tests.test_proposals.TestJobDetailsForProposal" name="test_get_job_details" time="0.118" /><testcase classname="backend.tests.test_proposals.TestMyProposals" name="test_get_my_proposals_requires_auth" time="0.054" /><testcase classname="backend.tests.test_proposals.TestMyProposals" name="test_get_my_proposals_success" time="0.366"><failure message="AssertionError: Failed to get job seeker token&#10;assert None is not None">backend/tests/test_proposals.py:64: in test_get_my_proposals_success
    assert token is not None, "Failed to get job seeker token"
E   AssertionError: Failed to get job seeker token
E   assert None is not None</failure></testcase><testcase classname="backend.tests.test_proposals.TestJobProposalsForEmployer" name="test_get_job_proposals_requires_auth" time="0.047" /><testcase classname="backend.tests.test_proposals.TestJobProposalsForEmployer" name="test_get_job_proposals_success" time="0.325"><failure message="AssertionError: Failed to get employer token&#10;assert None is not None">backend/tests/test_proposals.py:101: in test_get_job_proposals_success
    assert token is not None, "Failed to get employer token"
E   AssertionError: Failed to get employer token
E   assert None is not None</failure></testcase><testcase classname="backend.tests.test_proposals.TestJobProposalsForEmployer" name="test_get_job_proposals_non_owner_denied" time="0.321"><failure message="AssertionError: Failed to get job seeker token&#10;assert None is not None">backend/tests/test_proposals.py:128: in test_get_job_proposals_non_owner_denied
    assert token is not None, "Failed to get job seeker token"
E   AssertionError: Failed to get job seeker token
E   assert None is not None</failure></testcase><testcase classname="backend.tests.test_proposals.TestProposalStatusUpdate" name="test_update_proposal_status_shortlist" time="0.326"><failure message="AssertionError: Failed to get employer token&#10;assert None is not None">backend/tests/test_proposals.py:146: in test_update_proposal_status_shortlist
    assert token is not None, "Failed to get employer token"
E   AssertionError: Failed to get employer token
E   assert None is not None</failure></testcase><testcase classname="backend.tests.test_proposals.TestProposalStatusUpdate" name="test_update_proposal_status_reject" time="0.320"><failure message="AssertionError: Failed to get employer token&#10;assert None is not None">backend/tests/test_proposals.py:188: in test_update_proposal_status_reject
    assert token is not None, "Failed to get employer token"
E   AssertionError: Failed to get employer token
E   assert None is not None</failure></testcase><testcase classname="backend.tests.test_proposals.TestProposalStatusUpdate" name="test_reset_proposal_to_pending" time="0.321"><failure message="AssertionError: Failed to get employer token&#10;assert None is not None">backend/tests/test_proposals.py:223: in test_reset_proposal_to_pending
    assert token is not None, "Failed to get employer token"
E   AssertionError: Failed to get employer token
E   assert None is not None</failure></testcase><testcase classname="backend.tests.test_proposals.TestAIProposalGeneration" name="test_ai_generate_proposal_requires_auth" time="0.050" /><testcase classname="backend.tests.test_proposals.TestAIProposalGeneration" name="test_ai_generate_proposal_success" time="0.327"><failure message="AssertionError: Failed to get job seeker token&#10;assert None is not None">backend/tests/test_proposals.py:276: in test_ai_generate_proposal_success
    assert token is not None, "Failed to get job seeker token"
E   AssertionError: Failed to get job seeker token
E   assert None is not None</failure></testcase><testcase classname="backend.tests.test_proposals.TestProposalSubmission" name="test_submit_proposal_duplicate_check" time="0.323"><failure message="AssertionError: Failed to get job seeker token&#10;assert None is not None">backend/tests/test_proposals.py:315: in test_submit_proposal_duplicate_check
    assert token is not None, "Failed to get job seeker token"
E   AssertionError: Failed to get job seeker token
E   assert None is not None</failure></testcase><testcase classname="backend.tests.test_proposals.TestProposalSubmission" name="test_submit_proposal_own_job_rejected" time="0.323"><failure message="AssertionError: Failed to get employer token&#10;assert None is not None">backend/tests/test_proposals.py:343: in test_submit_proposal_own_job_rejected
    assert token is not None, "Failed to get employer token"
E   AssertionError: Failed to get employer token
E   assert None is not None</failure></testcase><testcase classname="backend.tests.test_proposals.TestEmployerStats" name="test_employer_stats" time="0.330"><failure message="AssertionError: Failed to get employer token&#10;assert None is not None">backend/tests/test_proposals.py:374: in test_employer_stats
    assert token is not None, "Failed to get employer token"
E   AssertionError: Failed to get employer token
E   assert None is not None</failure></testcase><testcase classname="backend.tests.test_proposals.TestProposalDetails" name="test_get_proposal_details_as_applicant" time="0.318"><failure message="AssertionError: Failed to get job seeker token&#10;assert None is not None">backend/tests/test_proposals.py:401: in test_get_proposal_details_as_applicant
    assert token is not None, "Failed to get job seeker token"
E   AssertionError: Failed to get job seeker token
E   assert None is not None</failure></testcase><testcase classname="backend.tests.test_proposals.TestProposalDetails" name="test_get_proposal_details_as_employer" time="0.321"><failure message="AssertionError: Failed to get employer token&#10;assert None is not None">backend/tests/test_proposals.py:437: in test_get_proposal_details_as_employer
    assert token is not None, "Failed to get employer token"
E   AssertionError: Failed to get employer token
E   assert None is not None</failure></testcase></testsuite></testsuites>