<?xml version="1.0" encoding="utf-8"?><testsuites name="pytest tests"><testsuite name="pytest" errors="0" failures="6" skipped="5" tests="16" time="1.299" timestamp="2026-01-30T14:34:57.511199+00:00" hostname="agent-env-b8b98b5a-3de4-4f47-bcb3-b8920bf34ca0"><testcase classname="backend.tests.test_proposals.TestJobDetailsForProposal" name="test_get_job_details" time="0.121" /><testcase classname="backend.tests.test_proposals.TestMyProposals" name="test_get_my_proposals_requires_auth" time="0.019" /><testcase classname="backend.tests.test_proposals.TestMyProposals" name="test_get_my_proposals_success" time="0.335"><failure message="assert 401 == 200&#10; +  where 401 = &lt;Response [401]&gt;.status_code">backend/tests/test_proposals.py:106: in test_get_my_proposals_success
    assert response.status_code == 200
E   assert 401 == 200
E    +  where 401 = &lt;Response [401]&gt;.status_code</failure></testcase><testcase classname="backend.tests.test_proposals.TestJobProposalsForEmployer" name="test_get_job_proposals_requires_auth" time="0.016" /><testcase classname="backend.tests.test_proposals.TestJobProposalsForEmployer" name="test_get_job_proposals_success" time="0.298"><failure message="assert 401 == 200&#10; +  where 401 = &lt;Response [401]&gt;.status_code">backend/tests/test_proposals.py:145: in test_get_job_proposals_success
    assert response.status_code == 200
E   assert 401 == 200
E    +  where 401 = &lt;Response [401]&gt;.status_code</failure></testcase><testcase classname="backend.tests.test_proposals.TestJobProposalsForEmployer" name="test_get_job_proposals_non_owner_denied" time="0.014"><failure message="assert 401 in [403, 404]&#10; +  where 401 = &lt;Response [401]&gt;.status_code">backend/tests/test_proposals.py:169: in test_get_job_proposals_non_owner_denied
    assert response.status_code in [403, 404]
E   assert 401 in [403, 404]
E    +  where 401 = &lt;Response [401]&gt;.status_code</failure></testcase><testcase classname="backend.tests.test_proposals.TestProposalStatusUpdate" name="test_update_proposal_status_shortlist" time="0.017"><skipped type="pytest.skip" message="Could not fetch proposals">/app/backend/tests/test_proposals.py:183: Could not fetch proposals</skipped></testcase><testcase classname="backend.tests.test_proposals.TestProposalStatusUpdate" name="test_update_proposal_status_reject" time="0.013"><skipped type="pytest.skip" message="Could not fetch proposals">/app/backend/tests/test_proposals.py:223: Could not fetch proposals</skipped></testcase><testcase classname="backend.tests.test_proposals.TestProposalStatusUpdate" name="test_reset_proposal_to_pending" time="0.055"><skipped type="pytest.skip" message="Could not fetch proposals">/app/backend/tests/test_proposals.py:252: Could not fetch proposals</skipped></testcase><testcase classname="backend.tests.test_proposals.TestAIProposalGeneration" name="test_ai_generate_proposal_requires_auth" time="0.016" /><testcase classname="backend.tests.test_proposals.TestAIProposalGeneration" name="test_ai_generate_proposal_success" time="0.014" /><testcase classname="backend.tests.test_proposals.TestProposalSubmission" name="test_submit_proposal_duplicate_check" time="0.014"><failure message="assert 401 == 400&#10; +  where 401 = &lt;Response [401]&gt;.status_code">backend/tests/test_proposals.py:348: in test_submit_proposal_duplicate_check
    assert response.status_code == 400
E   assert 401 == 400
E    +  where 401 = &lt;Response [401]&gt;.status_code</failure></testcase><testcase classname="backend.tests.test_proposals.TestProposalSubmission" name="test_submit_proposal_own_job_rejected" time="0.019"><failure message="assert 401 == 400&#10; +  where 401 = &lt;Response [401]&gt;.status_code">backend/tests/test_proposals.py:370: in test_submit_proposal_own_job_rejected
    assert response.status_code == 400
E   assert 401 == 400
E    +  where 401 = &lt;Response [401]&gt;.status_code</failure></testcase><testcase classname="backend.tests.test_proposals.TestEmployerStats" name="test_employer_stats" time="0.014"><failure message="assert 401 == 200&#10; +  where 401 = &lt;Response [401]&gt;.status_code">backend/tests/test_proposals.py:384: in test_employer_stats
    assert response.status_code == 200
E   assert 401 == 200
E    +  where 401 = &lt;Response [401]&gt;.status_code</failure></testcase><testcase classname="backend.tests.test_proposals.TestProposalDetails" name="test_get_proposal_details_as_applicant" time="0.014"><skipped type="pytest.skip" message="Could not fetch proposals">/app/backend/tests/test_proposals.py:409: Could not fetch proposals</skipped></testcase><testcase classname="backend.tests.test_proposals.TestProposalDetails" name="test_get_proposal_details_as_employer" time="0.014"><skipped type="pytest.skip" message="Could not fetch proposals">/app/backend/tests/test_proposals.py:441: Could not fetch proposals</skipped></testcase></testsuite></testsuites>