<?xml version="1.0" encoding="utf-8"?><testsuites name="pytest tests"><testsuite name="pytest" errors="0" failures="0" skipped="0" tests="16" time="14.172" timestamp="2026-01-30T14:36:24.872633+00:00" hostname="agent-env-b8b98b5a-3de4-4f47-bcb3-b8920bf34ca0"><testcase classname="backend.tests.test_proposals.TestJobDetailsForProposal" name="test_get_job_details" time="0.102" /><testcase classname="backend.tests.test_proposals.TestMyProposals" name="test_get_my_proposals_requires_auth" time="0.054" /><testcase classname="backend.tests.test_proposals.TestMyProposals" name="test_get_my_proposals_success" time="0.416" /><testcase classname="backend.tests.test_proposals.TestJobProposalsForEmployer" name="test_get_job_proposals_requires_auth" time="0.049" /><testcase classname="backend.tests.test_proposals.TestJobProposalsForEmployer" name="test_get_job_proposals_success" time="0.382" /><testcase classname="backend.tests.test_proposals.TestJobProposalsForEmployer" name="test_get_job_proposals_non_owner_denied" time="0.382" /><testcase classname="backend.tests.test_proposals.TestProposalStatusUpdate" name="test_update_proposal_status_shortlist" time="0.488" /><testcase classname="backend.tests.test_proposals.TestProposalStatusUpdate" name="test_update_proposal_status_reject" time="0.427" /><testcase classname="backend.tests.test_proposals.TestProposalStatusUpdate" name="test_reset_proposal_to_pending" time="0.440" /><testcase classname="backend.tests.test_proposals.TestAIProposalGeneration" name="test_ai_generate_proposal_requires_auth" time="0.047" /><testcase classname="backend.tests.test_proposals.TestAIProposalGeneration" name="test_ai_generate_proposal_success" time="9.024" /><testcase classname="backend.tests.test_proposals.TestProposalSubmission" name="test_submit_proposal_duplicate_check" time="0.412" /><testcase classname="backend.tests.test_proposals.TestProposalSubmission" name="test_submit_proposal_own_job_rejected" time="0.372" /><testcase classname="backend.tests.test_proposals.TestEmployerStats" name="test_employer_stats" time="0.378" /><testcase classname="backend.tests.test_proposals.TestProposalDetails" name="test_get_proposal_details_as_applicant" time="0.484" /><testcase classname="backend.tests.test_proposals.TestProposalDetails" name="test_get_proposal_details_as_employer" time="0.563" /></testsuite></testsuites>