<?xml version="1.0" encoding="utf-8"?><testsuites name="pytest tests"><testsuite name="pytest" errors="0" failures="0" skipped="0" tests="17" time="5.853" timestamp="2026-01-28T15:14:20.781453+00:00" hostname="agent-env-2a2dadc1-5c46-4f65-8245-4d55f0f8572f"><testcase classname="tests.test_talent_pool.TestPublicEndpoints" name="test_get_industries" time="0.089" /><testcase classname="tests.test_talent_pool.TestPublicEndpoints" name="test_get_experience_levels" time="0.055" /><testcase classname="tests.test_talent_pool.TestPublicEndpoints" name="test_get_recruiter_plans" time="0.055" /><testcase classname="tests.test_talent_pool.TestAdminEndpoints" name="test_admin_get_candidates" time="0.420" /><testcase classname="tests.test_talent_pool.TestAdminEndpoints" name="test_admin_get_candidates_requires_auth" time="0.385" /><testcase classname="tests.test_talent_pool.TestAdminEndpoints" name="test_admin_get_pricing" time="0.381" /><testcase classname="tests.test_talent_pool.TestAdminEndpoints" name="test_admin_get_pricing_requires_auth" time="0.373" /><testcase classname="tests.test_talent_pool.TestAdminEndpoints" name="test_admin_get_subscriptions" time="0.381" /><testcase classname="tests.test_talent_pool.TestAdminEndpoints" name="test_admin_add_candidate" time="0.442" /><testcase classname="tests.test_talent_pool.TestAdminEndpoints" name="test_admin_update_candidate_status" time="0.493" /><testcase classname="tests.test_talent_pool.TestAdminEndpoints" name="test_admin_delete_candidate" time="0.476" /><testcase classname="tests.test_talent_pool.TestAdminEndpoints" name="test_admin_update_pricing" time="0.556" /><testcase classname="tests.test_talent_pool.TestResellerEndpoints" name="test_reseller_get_candidates" time="0.375" /><testcase classname="tests.test_talent_pool.TestResellerEndpoints" name="test_reseller_get_pricing" time="0.375" /><testcase classname="tests.test_talent_pool.TestResellerEndpoints" name="test_reseller_get_subscriptions" time="0.398" /><testcase classname="tests.test_talent_pool.TestSubscriptionFlow" name="test_subscribe_requires_auth" time="0.050" /><testcase classname="tests.test_talent_pool.TestSubscriptionFlow" name="test_subscribe_invalid_plan" time="0.376" /></testsuite></testsuites>