<?xml version="1.0" encoding="utf-8"?><testsuites name="pytest tests"><testsuite name="pytest" errors="0" failures="9" skipped="2" tests="17" time="5.652" timestamp="2026-01-28T15:13:40.589774+00:00" hostname="agent-env-2a2dadc1-5c46-4f65-8245-4d55f0f8572f"><testcase classname="tests.test_talent_pool.TestPublicEndpoints" name="test_get_industries" time="0.108" /><testcase classname="tests.test_talent_pool.TestPublicEndpoints" name="test_get_experience_levels" time="0.055" /><testcase classname="tests.test_talent_pool.TestPublicEndpoints" name="test_get_recruiter_plans" time="0.060" /><testcase classname="tests.test_talent_pool.TestAdminEndpoints" name="test_admin_get_candidates" time="0.410"><failure message="AssertionError: Expected 200, got 401: {&quot;detail&quot;:&quot;Could not validate credentials&quot;}&#10;assert 401 == 200&#10; +  where 401 = &lt;Response [401]&gt;.status_code">tests/test_talent_pool.py:113: in test_admin_get_candidates
    assert response.status_code == 200, f"Expected 200, got {response.status_code}: {response.text}"
E   AssertionError: Expected 200, got 401: {"detail":"Could not validate credentials"}
E   assert 401 == 200
E    +  where 401 = &lt;Response [401]&gt;.status_code</failure></testcase><testcase classname="tests.test_talent_pool.TestAdminEndpoints" name="test_admin_get_candidates_requires_auth" time="0.379" /><testcase classname="tests.test_talent_pool.TestAdminEndpoints" name="test_admin_get_pricing" time="0.375"><failure message="AssertionError: Expected 200, got 401: {&quot;detail&quot;:&quot;Could not validate credentials&quot;}&#10;assert 401 == 200&#10; +  where 401 = &lt;Response [401]&gt;.status_code">tests/test_talent_pool.py:133: in test_admin_get_pricing
    assert response.status_code == 200, f"Expected 200, got {response.status_code}: {response.text}"
E   AssertionError: Expected 200, got 401: {"detail":"Could not validate credentials"}
E   assert 401 == 200
E    +  where 401 = &lt;Response [401]&gt;.status_code</failure></testcase><testcase classname="tests.test_talent_pool.TestAdminEndpoints" name="test_admin_get_pricing_requires_auth" time="0.372" /><testcase classname="tests.test_talent_pool.TestAdminEndpoints" name="test_admin_get_subscriptions" time="0.372"><failure message="AssertionError: Expected 200, got 401: {&quot;detail&quot;:&quot;Could not validate credentials&quot;}&#10;assert 401 == 200&#10; +  where 401 = &lt;Response [401]&gt;.status_code">tests/test_talent_pool.py:157: in test_admin_get_subscriptions
    assert response.status_code == 200, f"Expected 200, got {response.status_code}: {response.text}"
E   AssertionError: Expected 200, got 401: {"detail":"Could not validate credentials"}
E   assert 401 == 200
E    +  where 401 = &lt;Response [401]&gt;.status_code</failure></testcase><testcase classname="tests.test_talent_pool.TestAdminEndpoints" name="test_admin_add_candidate" time="0.367"><failure message="AssertionError: Expected 200, got 401: {&quot;detail&quot;:&quot;Could not validate credentials&quot;}&#10;assert 401 == 200&#10; +  where 401 = &lt;Response [401]&gt;.status_code">tests/test_talent_pool.py:186: in test_admin_add_candidate
    assert response.status_code == 200, f"Expected 200, got {response.status_code}: {response.text}"
E   AssertionError: Expected 200, got 401: {"detail":"Could not validate credentials"}
E   assert 401 == 200
E    +  where 401 = &lt;Response [401]&gt;.status_code</failure></testcase><testcase classname="tests.test_talent_pool.TestAdminEndpoints" name="test_admin_update_candidate_status" time="0.366"><skipped type="pytest.skip" message="Could not create test candidate: {&quot;detail&quot;:&quot;Could not validate credentials&quot;}">/app/backend/tests/test_talent_pool.py:227: Could not create test candidate: {"detail":"Could not validate credentials"}</skipped></testcase><testcase classname="tests.test_talent_pool.TestAdminEndpoints" name="test_admin_delete_candidate" time="0.385"><skipped type="pytest.skip" message="Could not create test candidate: {&quot;detail&quot;:&quot;Could not validate credentials&quot;}">/app/backend/tests/test_talent_pool.py:266: Could not create test candidate: {"detail":"Could not validate credentials"}</skipped></testcase><testcase classname="tests.test_talent_pool.TestAdminEndpoints" name="test_admin_update_pricing" time="0.425"><failure message="AssertionError: Expected 200, got 401: {&quot;detail&quot;:&quot;Could not validate credentials&quot;}&#10;assert 401 == 200&#10; +  where 401 = &lt;Response [401]&gt;.status_code">tests/test_talent_pool.py:312: in test_admin_update_pricing
    assert response.status_code == 200, f"Expected 200, got {response.status_code}: {response.text}"
E   AssertionError: Expected 200, got 401: {"detail":"Could not validate credentials"}
E   assert 401 == 200
E    +  where 401 = &lt;Response [401]&gt;.status_code</failure></testcase><testcase classname="tests.test_talent_pool.TestResellerEndpoints" name="test_reseller_get_candidates" time="0.370"><failure message="AssertionError: Expected 200, got 401: {&quot;detail&quot;:&quot;Could not validate credentials&quot;}&#10;assert 401 == 200&#10; +  where 401 = &lt;Response [401]&gt;.status_code">tests/test_talent_pool.py:361: in test_reseller_get_candidates
    assert response.status_code == 200, f"Expected 200, got {response.status_code}: {response.text}"
E   AssertionError: Expected 200, got 401: {"detail":"Could not validate credentials"}
E   assert 401 == 200
E    +  where 401 = &lt;Response [401]&gt;.status_code</failure></testcase><testcase classname="tests.test_talent_pool.TestResellerEndpoints" name="test_reseller_get_pricing" time="0.389"><failure message="AssertionError: Expected 200, got 401: {&quot;detail&quot;:&quot;Could not validate credentials&quot;}&#10;assert 401 == 200&#10; +  where 401 = &lt;Response [401]&gt;.status_code">tests/test_talent_pool.py:374: in test_reseller_get_pricing
    assert response.status_code == 200, f"Expected 200, got {response.status_code}: {response.text}"
E   AssertionError: Expected 200, got 401: {"detail":"Could not validate credentials"}
E   assert 401 == 200
E    +  where 401 = &lt;Response [401]&gt;.status_code</failure></testcase><testcase classname="tests.test_talent_pool.TestResellerEndpoints" name="test_reseller_get_subscriptions" time="0.377"><failure message="AssertionError: Expected 200, got 401: {&quot;detail&quot;:&quot;Could not validate credentials&quot;}&#10;assert 401 == 200&#10; +  where 401 = &lt;Response [401]&gt;.status_code">tests/test_talent_pool.py:387: in test_reseller_get_subscriptions
    assert response.status_code == 200, f"Expected 200, got {response.status_code}: {response.text}"
E   AssertionError: Expected 200, got 401: {"detail":"Could not validate credentials"}
E   assert 401 == 200
E    +  where 401 = &lt;Response [401]&gt;.status_code</failure></testcase><testcase classname="tests.test_talent_pool.TestSubscriptionFlow" name="test_subscribe_requires_auth" time="0.051" /><testcase classname="tests.test_talent_pool.TestSubscriptionFlow" name="test_subscribe_invalid_plan" time="0.414"><failure message="AssertionError: Expected 400 for invalid plan, got 401&#10;assert 401 == 400&#10; +  where 401 = &lt;Response [401]&gt;.status_code">tests/test_talent_pool.py:422: in test_subscribe_invalid_plan
    assert response.status_code == 400, f"Expected 400 for invalid plan, got {response.status_code}"
E   AssertionError: Expected 400 for invalid plan, got 401
E   assert 401 == 400
E    +  where 401 = &lt;Response [401]&gt;.status_code</failure></testcase></testsuite></testsuites>