<?xml version="1.0" encoding="utf-8"?><testsuites name="pytest tests"><testsuite name="pytest" errors="0" failures="0" skipped="0" tests="19" time="8.539" timestamp="2026-02-02T20:35:44.547600+00:00" hostname="agent-env-64856baf-7da0-49a9-988c-d402a173c418"><testcase classname="backend.tests.test_work_report.TestWorkReportFeature" name="test_employer_login" time="0.513" /><testcase classname="backend.tests.test_work_report.TestWorkReportFeature" name="test_jobseeker_login" time="0.406" /><testcase classname="backend.tests.test_work_report.TestWorkReportFeature" name="test_contract_exists" time="0.432" /><testcase classname="backend.tests.test_work_report.TestWorkReportFeature" name="test_contract_has_milestones" time="0.429" /><testcase classname="backend.tests.test_work_report.TestWorkReportFeature" name="test_contract_is_active" time="0.424" /><testcase classname="backend.tests.test_work_report.TestWorkReportFeature" name="test_get_work_report_endpoint_exists" time="0.422" /><testcase classname="backend.tests.test_work_report.TestWorkReportFeature" name="test_get_work_report_returns_report_data" time="0.420" /><testcase classname="backend.tests.test_work_report.TestWorkReportFeature" name="test_get_work_report_unauthorized" time="0.070" /><testcase classname="backend.tests.test_work_report.TestWorkReportFeature" name="test_get_work_report_nonexistent_contract" time="0.424" /><testcase classname="backend.tests.test_work_report.TestWorkReportFeature" name="test_get_work_report_nonexistent_milestone" time="0.415" /><testcase classname="backend.tests.test_work_report.TestWorkReportFeature" name="test_submit_work_report_endpoint_exists" time="0.478" /><testcase classname="backend.tests.test_work_report.TestWorkReportFeature" name="test_submit_work_report_requires_work_summary" time="0.747" /><testcase classname="backend.tests.test_work_report.TestWorkReportFeature" name="test_submit_work_report_employer_forbidden" time="0.452" /><testcase classname="backend.tests.test_work_report.TestWorkReportFeature" name="test_request_revision_endpoint_exists" time="0.462" /><testcase classname="backend.tests.test_work_report.TestWorkReportFeature" name="test_request_revision_requires_feedback" time="0.420" /><testcase classname="backend.tests.test_work_report.TestWorkReportFeature" name="test_request_revision_contractor_forbidden" time="0.461" /><testcase classname="backend.tests.test_work_report.TestWorkReportFeature" name="test_milestone_status_check" time="0.425" /><testcase classname="backend.tests.test_work_report.TestWorkReportSubmissionFlow" name="test_find_pending_milestone_for_submission" time="0.424" /><testcase classname="backend.tests.test_work_report.TestWorkReportSubmissionFlow" name="test_view_submitted_work_report" time="0.470" /></testsuite></testsuites>